c:\code\c++\designpattern\designpattern\x64\debug\vc143.pdb
c:\code\c++\designpattern\designpattern\x64\debug\vc143.idb
c:\code\c++\designpattern\designpattern\x64\debug\test.obj
c:\code\c++\designpattern\designpattern\x64\debug\designpattern.obj
c:\code\c++\designpattern\designpattern\x64\debug\sequence.obj
c:\code\c++\designpattern\designpattern\x64\debug\testsingleton.obj
c:\code\c++\designpattern\designpattern\x64\debug\singleton.obj
c:\code\c++\designpattern\designpattern\x64\debug\prototype.obj
c:\code\c++\designpattern\designpattern\x64\debug\testprototype.obj
c:\code\c++\designpattern\designpattern\x64\debug\designpattern.exe
c:\code\c++\designpattern\designpattern\x64\debug\designpattern.ilk
c:\code\c++\designpattern\designpattern\x64\debug\designpattern.pdb
c:\code\c++\designpattern\designpattern\x64\debug\designpattern.tlog\cl.command.1.tlog
c:\code\c++\designpattern\designpattern\x64\debug\designpattern.tlog\cl.items.tlog
c:\code\c++\designpattern\designpattern\x64\debug\designpattern.tlog\cl.read.1.tlog
c:\code\c++\designpattern\designpattern\x64\debug\designpattern.tlog\cl.write.1.tlog
c:\code\c++\designpattern\designpattern\x64\debug\designpattern.tlog\link-cvtres.read.1.tlog
c:\code\c++\designpattern\designpattern\x64\debug\designpattern.tlog\link-cvtres.write.1.tlog
c:\code\c++\designpattern\designpattern\x64\debug\designpattern.tlog\link-rc.read.1.tlog
c:\code\c++\designpattern\designpattern\x64\debug\designpattern.tlog\link-rc.write.1.tlog
c:\code\c++\designpattern\designpattern\x64\debug\designpattern.tlog\link.27272-cvtres.read.1.tlog
c:\code\c++\designpattern\designpattern\x64\debug\designpattern.tlog\link.27272-cvtres.write.1.tlog
c:\code\c++\designpattern\designpattern\x64\debug\designpattern.tlog\link.27272-rc.read.1.tlog
c:\code\c++\designpattern\designpattern\x64\debug\designpattern.tlog\link.27272-rc.write.1.tlog
c:\code\c++\designpattern\designpattern\x64\debug\designpattern.tlog\link.27272.read.1.tlog
c:\code\c++\designpattern\designpattern\x64\debug\designpattern.tlog\link.27272.read.2.tlog
c:\code\c++\designpattern\designpattern\x64\debug\designpattern.tlog\link.27272.write.1.tlog
c:\code\c++\designpattern\designpattern\x64\debug\designpattern.tlog\link.command.1.tlog
c:\code\c++\designpattern\designpattern\x64\debug\designpattern.tlog\link.read.1.tlog
c:\code\c++\designpattern\designpattern\x64\debug\designpattern.tlog\link.read.2.tlog
c:\code\c++\designpattern\designpattern\x64\debug\designpattern.tlog\link.write.1.tlog
